  MyWindow.cpp
E:\Git\SoftRasterizer\SoftRasterizer\MyWindow.cpp(143,38): warning C4302: “类型强制转换”: 从“LPWSTR”到“WORD”截断
E:\Git\SoftRasterizer\SoftRasterizer\MyWindow.cpp(147,45): warning C4302: “类型强制转换”: 从“LPWSTR”到“WORD”截断
  Scene.cpp
E:\Git\SoftRasterizer\SoftRasterizer\Scene.cpp(247,41): warning C4267: “初始化”: 从“size_t”转换到“int”，可能丢失数据
E:\Git\SoftRasterizer\SoftRasterizer\Scene.cpp(390,41): warning C4267: “初始化”: 从“size_t”转换到“int”，可能丢失数据
E:\Git\SoftRasterizer\SoftRasterizer\Scene.cpp(550,11): warning C4244: “初始化”: 从“float”转换到“int”，可能丢失数据
E:\Git\SoftRasterizer\SoftRasterizer\Scene.cpp(551,47): warning C4244: “参数”: 从“float”转换到“int”，可能丢失数据
E:\Git\SoftRasterizer\SoftRasterizer\Scene.cpp(551,40): warning C4244: “参数”: 从“float”转换到“int”，可能丢失数据
E:\Git\SoftRasterizer\SoftRasterizer\Scene.cpp(551,16): warning C4244: “初始化”: 从“_Elem”转换到“int”，可能丢失数据
          with
          [
              _Elem=float
          ]
  Texture.cpp
E:\Git\SoftRasterizer\SoftRasterizer\Texture.cpp(27,24): warning C4018: “<”: 有符号/无符号不匹配
E:\Git\SoftRasterizer\SoftRasterizer\Texture.cpp(30,28): warning C4018: “<”: 有符号/无符号不匹配
E:\Git\SoftRasterizer\SoftRasterizer\Texture.cpp(56,12): warning C4244: “初始化”: 从“float”转换到“int”，可能丢失数据
E:\Git\SoftRasterizer\SoftRasterizer\Texture.cpp(57,12): warning C4244: “初始化”: 从“float”转换到“int”，可能丢失数据
  正在生成代码...
E:\Git\SoftRasterizer\SoftRasterizer\VectorX.h(50): warning C4172: 返回局部变量或临时变量的地址: res
  SoftRasterizer.vcxproj -> E:\Git\SoftRasterizer\x64\Debug\SoftRasterizer.exe
